<?xml version="1.0" encoding="utf-8"?><testsuites><testsuite name="pytest" errors="0" failures="0" skipped="0" tests="12" time="0.354" timestamp="2026-03-03T20:25:38.131898+01:00" hostname="Ahmet"><testcase classname="tests.services.test_hedging_service.TestComputeHedgeRatio" name="test_basic_ratio" time="0.130" /><testcase classname="tests.services.test_hedging_service.TestComputeHedgeRatio" name="test_zero_hedge_price" time="0.001" /><testcase classname="tests.services.test_hedging_service.TestComputeHedgeRatio" name="test_fractional_beta" time="0.001" /><testcase classname="tests.services.test_hedging_service.TestComputePayoff" name="test_scenario_count" time="0.001" /><testcase classname="tests.services.test_hedging_service.TestComputePayoff" name="test_hedged_always_non_negative" time="0.001" /><testcase classname="tests.services.test_hedging_service.TestComputePayoff" name="test_unhedged_matches_simple_math" time="0.001" /><testcase classname="tests.services.test_hedging_service.TestComputePayoff" name="test_custom_scenarios" time="0.001" /><testcase classname="tests.services.test_hedging_service.TestEstimateHedgeCost" name="test_protective_put_cost" time="0.001" /><testcase classname="tests.services.test_hedging_service.TestEstimateHedgeCost" name="test_inverse_etf_cost" time="0.001" /><testcase classname="tests.services.test_hedging_service.TestEstimateHedgeCost" name="test_unknown_type" time="0.001" /><testcase classname="tests.services.test_hedging_service.TestComputeCorrelation" name="test_correlation_shape" time="0.090" /><testcase classname="tests.services.test_hedging_service.TestComputeBeta" name="test_beta_within_range" time="0.051" /></testsuite></testsuites>